<?xml version="1.0" encoding="UTF-8"?>
<testsuites>
  <testsuite name="" tests="42" assertions="117" errors="0" warnings="0" failures="41" skipped="0" time="5.589317">
    <testsuite name="Feature" tests="42" assertions="117" errors="0" warnings="0" failures="41" skipped="0" time="5.589317">
      <testsuite name="Tests\Feature\BooksListTest" file="C:\Users\Asus\Downloads\tasks\a\example-app\tests\Feature\BookListTest.php" tests="7" assertions="28" errors="0" warnings="0" failures="6" skipped="0" time="4.424083">
        <testcase name="testResponseStructure" class="Tests\Feature\BooksListTest" classname="Tests.Feature.BooksListTest" file="C:\Users\Asus\Downloads\tasks\a\example-app\tests\Feature\BookListTest.php" line="14" assertions="16" time="4.107388"/>
        <testcase name="testListWithoutFilters" class="Tests\Feature\BooksListTest" classname="Tests.Feature.BooksListTest" file="C:\Users\Asus\Downloads\tasks\a\example-app\tests\Feature\BookListTest.php" line="72" assertions="2" time="0.132812">
          <failure type="PHPUnit\Framework\ExpectationFailedException">Tests\Feature\BooksListTest::testListWithoutFilters
Unable to find JSON: 
  
  
  
  [{
      "data": [
          {
              "id": 1,
              "isbn": "9789748863320",
              "title": "Non sit dignissimos nostrum sed.",
              "description": "Praesentium qui consequatur et deserunt recusandae. Sed consequatur in velit aut. Quia quibusdam eaque dolor sed.",
              "authors": [
                  {
                      "id": 1,
                      "name": "Ivy Konopelski",
                      "surname": "Predovic"
                  }
              ],
              "review": {
                  "avg": 8,
                  "count": 3
              }
          },
          {
              "id": 2,
              "isbn": "9795097499998",
              "title": "Reprehenderit inventore consequatur et quo dolor.",
              "description": "Saepe magni illum nobis repellendus. Totam et ducimus et alias mollitia. Enim voluptatibus est aliquam est voluptatem laborum ipsum. Maiores sint et porro molestiae.",
              "authors": [
                  {
                      "id": 2,
                      "name": "Dr. Tommie O'Conner III",
                      "surname": "Kunde"
                  }
              ],
              "review": {
                  "avg": 7,
                  "count": 3
              }
          },
          {
              "id": 3,
              "isbn": "9789555776448",
              "title": "Est reiciendis architecto voluptas odio in ut ad.",
              "description": "Possimus consequatur et dolores hic. Accusamus ut nemo aliquam corrupti voluptas sunt id. Et maiores accusantium sunt sit corporis.",
              "authors": [
                  {
                      "id": 3,
                      "name": "Price Hintz",
                      "surname": "Kris"
                  }
              ],
              "review": {
                  "avg": 7,
                  "count": 3
              }
          },
          {
              "id": 4,
              "isbn": "9780151597123",
              "title": "Commodi odit excepturi odio sed consequuntur eos vitae enim.",
              "description": "Exercitationem vero laborum porro nobis expedita cum. In unde vel omnis sit sunt suscipit. Voluptatem explicabo non saepe illum.",
              "authors": [
                  {
                      "id": 4,
                      "name": "Clemens Moore",
                      "surname": "Lind"
                  }
              ],
              "review": {
                  "avg": 5,
                  "count": 3
              }
          },
          {
              "id": 5,
              "isbn": "9796688510160",
              "title": "Eum voluptatem ab molestias et qui vitae.",
              "description": "Rem cupiditate sint sit iste. Quos et vel fugiat consequuntur repellat qui repellendus. Quasi sed excepturi ducimus. Rem id et quia vero sapiente.",
              "authors": [
                  {
                      "id": 5,
                      "name": "Elise Toy DVM",
                      "surname": "Wolff"
                  }
              ],
              "review": {
                  "avg": 6,
                  "count": 3
              }
          }
      ]
  }]
  
  
  
  within response JSON:
  
  
  
  [{
      "data": [],
      "links": {
          "first": "http://localhost/api/books?page=1",
          "last": "http://localhost/api/books?page=1",
          "prev": null,
          "next": null
      },
      "meta": {
          "current_page": 1,
          "from": null,
          "last_page": 1,
          "path": "http://localhost/api/books",
          "per_page": 15,
          "to": null,
          "total": 0
      }
  }].
  
  
  
  
  Failed asserting that an array has the subset Array &amp;0 (
      'data' =&gt; Array &amp;1 (
          0 =&gt; Array &amp;2 (
              'id' =&gt; 1
              'isbn' =&gt; '9789748863320'
              'title' =&gt; 'Non sit dignissimos nostrum sed.'
              'description' =&gt; 'Praesentium qui consequatur et deserunt recusandae. Sed consequatur in velit aut. Quia quibusdam eaque dolor sed.'
              'authors' =&gt; Array &amp;3 (
                  0 =&gt; Array &amp;4 (
                      'id' =&gt; 1
                      'name' =&gt; 'Ivy Konopelski'
                      'surname' =&gt; 'Predovic'
                  )
              )
              'review' =&gt; Array &amp;5 (
                  'avg' =&gt; 8
                  'count' =&gt; 3
              )
          )
          1 =&gt; Array &amp;6 (
              'id' =&gt; 2
              'isbn' =&gt; '9795097499998'
              'title' =&gt; 'Reprehenderit inventore consequatur et quo dolor.'
              'description' =&gt; 'Saepe magni illum nobis repellendus. Totam et ducimus et alias mollitia. Enim voluptatibus est aliquam est voluptatem laborum ipsum. Maiores sint et porro molestiae.'
              'authors' =&gt; Array &amp;7 (
                  0 =&gt; Array &amp;8 (
                      'id' =&gt; 2
                      'name' =&gt; 'Dr. Tommie O'Conner III'
                      'surname' =&gt; 'Kunde'
                  )
              )
              'review' =&gt; Array &amp;9 (
                  'avg' =&gt; 7
                  'count' =&gt; 3
              )
          )
          2 =&gt; Array &amp;10 (
              'id' =&gt; 3
              'isbn' =&gt; '9789555776448'
              'title' =&gt; 'Est reiciendis architecto voluptas odio in ut ad.'
              'description' =&gt; 'Possimus consequatur et dolores hic. Accusamus ut nemo aliquam corrupti voluptas sunt id. Et maiores accusantium sunt sit corporis.'
              'authors' =&gt; Array &amp;11 (
                  0 =&gt; Array &amp;12 (
                      'id' =&gt; 3
                      'name' =&gt; 'Price Hintz'
                      'surname' =&gt; 'Kris'
                  )
              )
              'review' =&gt; Array &amp;13 (
                  'avg' =&gt; 7
                  'count' =&gt; 3
              )
          )
          3 =&gt; Array &amp;14 (
              'id' =&gt; 4
              'isbn' =&gt; '9780151597123'
              'title' =&gt; 'Commodi odit excepturi odio sed consequuntur eos vitae enim.'
              'description' =&gt; 'Exercitationem vero laborum porro nobis expedita cum. In unde vel omnis sit sunt suscipit. Voluptatem explicabo non saepe illum.'
              'authors' =&gt; Array &amp;15 (
                  0 =&gt; Array &amp;16 (
                      'id' =&gt; 4
                      'name' =&gt; 'Clemens Moore'
                      'surname' =&gt; 'Lind'
                  )
              )
              'review' =&gt; Array &amp;17 (
                  'avg' =&gt; 5
                  'count' =&gt; 3
              )
          )
          4 =&gt; Array &amp;18 (
              'id' =&gt; 5
              'isbn' =&gt; '9796688510160'
              'title' =&gt; 'Eum voluptatem ab molestias et qui vitae.'
              'description' =&gt; 'Rem cupiditate sint sit iste. Quos et vel fugiat consequuntur repellat qui repellendus. Quasi sed excepturi ducimus. Rem id et quia vero sapiente.'
              'authors' =&gt; Array &amp;19 (
                  0 =&gt; Array &amp;20 (
                      'id' =&gt; 5
                      'name' =&gt; 'Elise Toy DVM'
                      'surname' =&gt; 'Wolff'
                  )
              )
              'review' =&gt; Array &amp;21 (
                  'avg' =&gt; 6
                  'count' =&gt; 3
              )
          )
      )
  ).
--- Expected
+++ Actual
@@ @@
 array (
   'data' =&gt; 
   array (
-    0 =&gt; 
-    array (
-      'id' =&gt; 1,
-      'isbn' =&gt; '9789748863320',
-      'title' =&gt; 'Non sit dignissimos nostrum sed.',
-      'description' =&gt; 'Praesentium qui consequatur et deserunt recusandae. Sed consequatur in velit aut. Quia quibusdam eaque dolor sed.',
-      'authors' =&gt; 
-      array (
-        0 =&gt; 
-        array (
-          'id' =&gt; 1,
-          'name' =&gt; 'Ivy Konopelski',
-          'surname' =&gt; 'Predovic',
-        ),
-      ),
-      'review' =&gt; 
-      array (
-        'avg' =&gt; 8,
-        'count' =&gt; 3,
-      ),
-    ),
-    1 =&gt; 
-    array (
-      'id' =&gt; 2,
-      'isbn' =&gt; '9795097499998',
-      'title' =&gt; 'Reprehenderit inventore consequatur et quo dolor.',
-      'description' =&gt; 'Saepe magni illum nobis repellendus. Totam et ducimus et alias mollitia. Enim voluptatibus est aliquam est voluptatem laborum ipsum. Maiores sint et porro molestiae.',
-      'authors' =&gt; 
-      array (
-        0 =&gt; 
-        array (
-          'id' =&gt; 2,
-          'name' =&gt; 'Dr. Tommie O\'Conner III',
-          'surname' =&gt; 'Kunde',
-        ),
-      ),
-      'review' =&gt; 
-      array (
-        'avg' =&gt; 7,
-        'count' =&gt; 3,
-      ),
-    ),
-    2 =&gt; 
-    array (
-      'id' =&gt; 3,
-      'isbn' =&gt; '9789555776448',
-      'title' =&gt; 'Est reiciendis architecto voluptas odio in ut ad.',
-      'description' =&gt; 'Possimus consequatur et dolores hic. Accusamus ut nemo aliquam corrupti voluptas sunt id. Et maiores accusantium sunt sit corporis.',
-      'authors' =&gt; 
-      array (
-        0 =&gt; 
-        array (
-          'id' =&gt; 3,
-          'name' =&gt; 'Price Hintz',
-          'surname' =&gt; 'Kris',
-        ),
-      ),
-      'review' =&gt; 
-      array (
-        'avg' =&gt; 7,
-        'count' =&gt; 3,
-      ),
-    ),
-    3 =&gt; 
-    array (
-      'id' =&gt; 4,
-      'isbn' =&gt; '9780151597123',
-      'title' =&gt; 'Commodi odit excepturi odio sed consequuntur eos vitae enim.',
-      'description' =&gt; 'Exercitationem vero laborum porro nobis expedita cum. In unde vel omnis sit sunt suscipit. Voluptatem explicabo non saepe illum.',
-      'authors' =&gt; 
-      array (
-        0 =&gt; 
-        array (
-          'id' =&gt; 4,
-          'name' =&gt; 'Clemens Moore',
-          'surname' =&gt; 'Lind',
-        ),
-      ),
-      'review' =&gt; 
-      array (
-        'avg' =&gt; 5,
-        'count' =&gt; 3,
-      ),
-    ),
-    4 =&gt; 
-    array (
-      'id' =&gt; 5,
-      'isbn' =&gt; '9796688510160',
-      'title' =&gt; 'Eum voluptatem ab molestias et qui vitae.',
-      'description' =&gt; 'Rem cupiditate sint sit iste. Quos et vel fugiat consequuntur repellat qui repellendus. Quasi sed excepturi ducimus. Rem id et quia vero sapiente.',
-      'authors' =&gt; 
-      array (
-        0 =&gt; 
-        array (
-          'id' =&gt; 5,
-          'name' =&gt; 'Elise Toy DVM',
-          'surname' =&gt; 'Wolff',
-        ),
-      ),
-      'review' =&gt; 
-      array (
-        'avg' =&gt; 6,
-        'count' =&gt; 3,
-      ),
-    ),
   ),
   'links' =&gt; 
   array (

C:\Users\Asus\Downloads\tasks\a\example-app\vendor\laravel\framework\src\Illuminate\Testing\Constraints\ArraySubset.php:85
C:\Users\Asus\Downloads\tasks\a\example-app\vendor\laravel\framework\src\Illuminate\Testing\Assert.php:40
C:\Users\Asus\Downloads\tasks\a\example-app\vendor\laravel\framework\src\Illuminate\Testing\AssertableJsonString.php:273
C:\Users\Asus\Downloads\tasks\a\example-app\vendor\laravel\framework\src\Illuminate\Testing\TestResponse.php:692
C:\Users\Asus\Downloads\tasks\a\example-app\tests\Feature\BookListTest.php:209
C:\Users\Asus\Downloads\tasks\a\example-app\tests\Feature\BookListTest.php:89</failure>
        </testcase>
        <testcase name="testTitleFilter" class="Tests\Feature\BooksListTest" classname="Tests.Feature.BooksListTest" file="C:\Users\Asus\Downloads\tasks\a\example-app\tests\Feature\BookListTest.php" line="92" assertions="2" time="0.027330">
          <failure type="PHPUnit\Framework\ExpectationFailedException">Tests\Feature\BooksListTest::testTitleFilter
Unable to find JSON: 
  
  
  
  [{
      "data": [
          {
              "id": 1,
              "isbn": "9787050204671",
              "title": "PHP for begginers",
              "description": "Sunt illum qui enim saepe tempora. Non nam quis earum optio praesentium quisquam. Atque nesciunt et aut mollitia.",
              "authors": [],
              "review": {
                  "avg": 0,
                  "count": 0
              }
          }
      ]
  }]
  
  
  
  within response JSON:
  
  
  
  [{
      "data": [],
      "links": {
          "first": "http://localhost/api/books?page=1",
          "last": "http://localhost/api/books?page=1",
          "prev": null,
          "next": null
      },
      "meta": {
          "current_page": 1,
          "from": null,
          "last_page": 1,
          "path": "http://localhost/api/books",
          "per_page": 15,
          "to": null,
          "total": 0
      }
  }].
  
  
  
  
  Failed asserting that an array has the subset Array &amp;0 (
      'data' =&gt; Array &amp;1 (
          0 =&gt; Array &amp;2 (
              'id' =&gt; 1
              'isbn' =&gt; '9787050204671'
              'title' =&gt; 'PHP for begginers'
              'description' =&gt; 'Sunt illum qui enim saepe tempora. Non nam quis earum optio praesentium quisquam. Atque nesciunt et aut mollitia.'
              'authors' =&gt; Array &amp;3 ()
              'review' =&gt; Array &amp;4 (
                  'avg' =&gt; 0
                  'count' =&gt; 0
              )
          )
      )
  ).
--- Expected
+++ Actual
@@ @@
 array (
   'data' =&gt; 
   array (
-    0 =&gt; 
-    array (
-      'id' =&gt; 1,
-      'isbn' =&gt; '9787050204671',
-      'title' =&gt; 'PHP for begginers',
-      'description' =&gt; 'Sunt illum qui enim saepe tempora. Non nam quis earum optio praesentium quisquam. Atque nesciunt et aut mollitia.',
-      'authors' =&gt; 
-      array (
-      ),
-      'review' =&gt; 
-      array (
-        'avg' =&gt; 0,
-        'count' =&gt; 0,
-      ),
-    ),
   ),
   'links' =&gt; 
   array (

C:\Users\Asus\Downloads\tasks\a\example-app\vendor\laravel\framework\src\Illuminate\Testing\Constraints\ArraySubset.php:85
C:\Users\Asus\Downloads\tasks\a\example-app\vendor\laravel\framework\src\Illuminate\Testing\Assert.php:40
C:\Users\Asus\Downloads\tasks\a\example-app\vendor\laravel\framework\src\Illuminate\Testing\AssertableJsonString.php:273
C:\Users\Asus\Downloads\tasks\a\example-app\vendor\laravel\framework\src\Illuminate\Testing\TestResponse.php:692
C:\Users\Asus\Downloads\tasks\a\example-app\tests\Feature\BookListTest.php:209
C:\Users\Asus\Downloads\tasks\a\example-app\tests\Feature\BookListTest.php:101</failure>
        </testcase>
        <testcase name="testAuthorsFilter" class="Tests\Feature\BooksListTest" classname="Tests.Feature.BooksListTest" file="C:\Users\Asus\Downloads\tasks\a\example-app\tests\Feature\BookListTest.php" line="109" assertions="2" time="0.029346">
          <failure type="PHPUnit\Framework\ExpectationFailedException">Tests\Feature\BooksListTest::testAuthorsFilter
Unable to find JSON: 
  
  
  
  [{
      "data": [
          {
              "id": 1,
              "isbn": "9786214193264",
              "title": "PHP for begginers",
              "description": "Et sit occaecati veritatis non omnis. Maiores itaque cumque libero esse dolorum tempora. Ipsa ea ratione dolore ut aut consectetur.",
              "authors": [
                  {
                      "id": 1,
                      "name": "Domenick Hayes",
                      "surname": "Erdman"
                  },
                  {
                      "id": 2,
                      "name": "Kelton Rempel",
                      "surname": "Block"
                  }
              ],
              "review": {
                  "avg": 0,
                  "count": 0
              }
          },
          {
              "id": 2,
              "isbn": "9799964663062",
              "title": "Javascript for dummies",
              "description": "Nemo soluta consequatur nobis qui et dolorem error. Ullam harum labore aut expedita inventore. Quisquam omnis molestiae modi est sed.",
              "authors": [
                  {
                      "id": 1,
                      "name": "Domenick Hayes",
                      "surname": "Erdman"
                  }
              ],
              "review": {
                  "avg": 0,
                  "count": 0
              }
          }
      ]
  }]
  
  
  
  within response JSON:
  
  
  
  [{
      "data": [],
      "links": {
          "first": "http://localhost/api/books?page=1",
          "last": "http://localhost/api/books?page=1",
          "prev": null,
          "next": null
      },
      "meta": {
          "current_page": 1,
          "from": null,
          "last_page": 1,
          "path": "http://localhost/api/books",
          "per_page": 15,
          "to": null,
          "total": 0
      }
  }].
  
  
  
  
  Failed asserting that an array has the subset Array &amp;0 (
      'data' =&gt; Array &amp;1 (
          0 =&gt; Array &amp;2 (
              'id' =&gt; 1
              'isbn' =&gt; '9786214193264'
              'title' =&gt; 'PHP for begginers'
              'description' =&gt; 'Et sit occaecati veritatis non omnis. Maiores itaque cumque libero esse dolorum tempora. Ipsa ea ratione dolore ut aut consectetur.'
              'authors' =&gt; Array &amp;3 (
                  0 =&gt; Array &amp;4 (
                      'id' =&gt; 1
                      'name' =&gt; 'Domenick Hayes'
                      'surname' =&gt; 'Erdman'
                  )
                  1 =&gt; Array &amp;5 (
                      'id' =&gt; 2
                      'name' =&gt; 'Kelton Rempel'
                      'surname' =&gt; 'Block'
                  )
              )
              'review' =&gt; Array &amp;6 (
                  'avg' =&gt; 0
                  'count' =&gt; 0
              )
          )
          1 =&gt; Array &amp;7 (
              'id' =&gt; 2
              'isbn' =&gt; '9799964663062'
              'title' =&gt; 'Javascript for dummies'
              'description' =&gt; 'Nemo soluta consequatur nobis qui et dolorem error. Ullam harum labore aut expedita inventore. Quisquam omnis molestiae modi est sed.'
              'authors' =&gt; Array &amp;8 (
                  0 =&gt; Array &amp;9 (
                      'id' =&gt; 1
                      'name' =&gt; 'Domenick Hayes'
                      'surname' =&gt; 'Erdman'
                  )
              )
              'review' =&gt; Array &amp;10 (
                  'avg' =&gt; 0
                  'count' =&gt; 0
              )
          )
      )
  ).
--- Expected
+++ Actual
@@ @@
 array (
   'data' =&gt; 
   array (
-    0 =&gt; 
-    array (
-      'id' =&gt; 1,
-      'isbn' =&gt; '9786214193264',
-      'title' =&gt; 'PHP for begginers',
-      'description' =&gt; 'Et sit occaecati veritatis non omnis. Maiores itaque cumque libero esse dolorum tempora. Ipsa ea ratione dolore ut aut consectetur.',
-      'authors' =&gt; 
-      array (
-        0 =&gt; 
-        array (
-          'id' =&gt; 1,
-          'name' =&gt; 'Domenick Hayes',
-          'surname' =&gt; 'Erdman',
-        ),
-        1 =&gt; 
-        array (
-          'id' =&gt; 2,
-          'name' =&gt; 'Kelton Rempel',
-          'surname' =&gt; 'Block',
-        ),
-      ),
-      'review' =&gt; 
-      array (
-        'avg' =&gt; 0,
-        'count' =&gt; 0,
-      ),
-    ),
-    1 =&gt; 
-    array (
-      'id' =&gt; 2,
-      'isbn' =&gt; '9799964663062',
-      'title' =&gt; 'Javascript for dummies',
-      'description' =&gt; 'Nemo soluta consequatur nobis qui et dolorem error. Ullam harum labore aut expedita inventore. Quisquam omnis molestiae modi est sed.',
-      'authors' =&gt; 
-      array (
-        0 =&gt; 
-        array (
-          'id' =&gt; 1,
-          'name' =&gt; 'Domenick Hayes',
-          'surname' =&gt; 'Erdman',
-        ),
-      ),
-      'review' =&gt; 
-      array (
-        'avg' =&gt; 0,
-        'count' =&gt; 0,
-      ),
-    ),
   ),
   'links' =&gt; 
   array (

C:\Users\Asus\Downloads\tasks\a\example-app\vendor\laravel\framework\src\Illuminate\Testing\Constraints\ArraySubset.php:85
C:\Users\Asus\Downloads\tasks\a\example-app\vendor\laravel\framework\src\Illuminate\Testing\Assert.php:40
C:\Users\Asus\Downloads\tasks\a\example-app\vendor\laravel\framework\src\Illuminate\Testing\AssertableJsonString.php:273
C:\Users\Asus\Downloads\tasks\a\example-app\vendor\laravel\framework\src\Illuminate\Testing\TestResponse.php:692
C:\Users\Asus\Downloads\tasks\a\example-app\tests\Feature\BookListTest.php:209
C:\Users\Asus\Downloads\tasks\a\example-app\tests\Feature\BookListTest.php:126</failure>
        </testcase>
        <testcase name="testTitleSort" class="Tests\Feature\BooksListTest" classname="Tests.Feature.BooksListTest" file="C:\Users\Asus\Downloads\tasks\a\example-app\tests\Feature\BookListTest.php" line="139" assertions="2" time="0.029367">
          <failure type="PHPUnit\Framework\ExpectationFailedException">Tests\Feature\BooksListTest::testTitleSort
Unable to find JSON: 
  
  
  
  [{
      "data": [
          {
              "id": 3,
              "isbn": "9791981551056",
              "title": "Advanced Python",
              "description": "Rerum beatae nihil deserunt a. Quia voluptas libero consequatur quia. Sint in est alias ex eveniet aut. Aut et dignissimos ducimus laboriosam.",
              "authors": [],
              "review": {
                  "avg": 0,
                  "count": 0
              }
          },
          {
              "id": 2,
              "isbn": "9798790978647",
              "title": "Javascript for dummies",
              "description": "Dolorum quo molestiae qui fugit esse. Hic sunt nam voluptate autem. Ut facilis rerum necessitatibus sit ipsa quibusdam molestias aspernatur. Velit nihil quaerat alias adipisci unde ut.",
              "authors": [],
              "review": {
                  "avg": 0,
                  "count": 0
              }
          },
          {
              "id": 1,
              "isbn": "9796852579207",
              "title": "PHP for begginers",
              "description": "Non est aliquam soluta totam. Illum omnis voluptates commodi commodi. Sit maiores quisquam consequatur quis eos consequuntur. Nam alias est repellendus eos.",
              "authors": [],
              "review": {
                  "avg": 0,
                  "count": 0
              }
          }
      ]
  }]
  
  
  
  within response JSON:
  
  
  
  [{
      "data": [],
      "links": {
          "first": "http://localhost/api/books?page=1",
          "last": "http://localhost/api/books?page=1",
          "prev": null,
          "next": null
      },
      "meta": {
          "current_page": 1,
          "from": null,
          "last_page": 1,
          "path": "http://localhost/api/books",
          "per_page": 15,
          "to": null,
          "total": 0
      }
  }].
  
  
  
  
  Failed asserting that an array has the subset Array &amp;0 (
      'data' =&gt; Array &amp;1 (
          0 =&gt; Array &amp;2 (
              'id' =&gt; 3
              'isbn' =&gt; '9791981551056'
              'title' =&gt; 'Advanced Python'
              'description' =&gt; 'Rerum beatae nihil deserunt a. Quia voluptas libero consequatur quia. Sint in est alias ex eveniet aut. Aut et dignissimos ducimus laboriosam.'
              'authors' =&gt; Array &amp;3 ()
              'review' =&gt; Array &amp;4 (
                  'avg' =&gt; 0
                  'count' =&gt; 0
              )
          )
          1 =&gt; Array &amp;5 (
              'id' =&gt; 2
              'isbn' =&gt; '9798790978647'
              'title' =&gt; 'Javascript for dummies'
              'description' =&gt; 'Dolorum quo molestiae qui fugit esse. Hic sunt nam voluptate autem. Ut facilis rerum necessitatibus sit ipsa quibusdam molestias aspernatur. Velit nihil quaerat alias adipisci unde ut.'
              'authors' =&gt; Array &amp;6 ()
              'review' =&gt; Array &amp;7 (
                  'avg' =&gt; 0
                  'count' =&gt; 0
              )
          )
          2 =&gt; Array &amp;8 (
              'id' =&gt; 1
              'isbn' =&gt; '9796852579207'
              'title' =&gt; 'PHP for begginers'
              'description' =&gt; 'Non est aliquam soluta totam. Illum omnis voluptates commodi commodi. Sit maiores quisquam consequatur quis eos consequuntur. Nam alias est repellendus eos.'
              'authors' =&gt; Array &amp;9 ()
              'review' =&gt; Array &amp;10 (
                  'avg' =&gt; 0
                  'count' =&gt; 0
              )
          )
      )
  ).
--- Expected
+++ Actual
@@ @@
 array (
   'data' =&gt; 
   array (
-    0 =&gt; 
-    array (
-      'id' =&gt; 3,
-      'isbn' =&gt; '9791981551056',
-      'title' =&gt; 'Advanced Python',
-      'description' =&gt; 'Rerum beatae nihil deserunt a. Quia voluptas libero consequatur quia. Sint in est alias ex eveniet aut. Aut et dignissimos ducimus laboriosam.',
-      'authors' =&gt; 
-      array (
-      ),
-      'review' =&gt; 
-      array (
-        'avg' =&gt; 0,
-        'count' =&gt; 0,
-      ),
-    ),
-    1 =&gt; 
-    array (
-      'id' =&gt; 2,
-      'isbn' =&gt; '9798790978647',
-      'title' =&gt; 'Javascript for dummies',
-      'description' =&gt; 'Dolorum quo molestiae qui fugit esse. Hic sunt nam voluptate autem. Ut facilis rerum necessitatibus sit ipsa quibusdam molestias aspernatur. Velit nihil quaerat alias adipisci unde ut.',
-      'authors' =&gt; 
-      array (
-      ),
-      'review' =&gt; 
-      array (
-        'avg' =&gt; 0,
-        'count' =&gt; 0,
-      ),
-    ),
-    2 =&gt; 
-    array (
-      'id' =&gt; 1,
-      'isbn' =&gt; '9796852579207',
-      'title' =&gt; 'PHP for begginers',
-      'description' =&gt; 'Non est aliquam soluta totam. Illum omnis voluptates commodi commodi. Sit maiores quisquam consequatur quis eos consequuntur. Nam alias est repellendus eos.',
-      'authors' =&gt; 
-      array (
-      ),
-      'review' =&gt; 
-      array (
-        'avg' =&gt; 0,
-        'count' =&gt; 0,
-      ),
-    ),
   ),
   'links' =&gt; 
   array (

C:\Users\Asus\Downloads\tasks\a\example-app\vendor\laravel\framework\src\Illuminate\Testing\Constraints\ArraySubset.php:85
C:\Users\Asus\Downloads\tasks\a\example-app\vendor\laravel\framework\src\Illuminate\Testing\Assert.php:40
C:\Users\Asus\Downloads\tasks\a\example-app\vendor\laravel\framework\src\Illuminate\Testing\AssertableJsonString.php:273
C:\Users\Asus\Downloads\tasks\a\example-app\vendor\laravel\framework\src\Illuminate\Testing\TestResponse.php:692
C:\Users\Asus\Downloads\tasks\a\example-app\tests\Feature\BookListTest.php:209
C:\Users\Asus\Downloads\tasks\a\example-app\tests\Feature\BookListTest.php:149</failure>
        </testcase>
        <testcase name="testAvgReviewSort" class="Tests\Feature\BooksListTest" classname="Tests.Feature.BooksListTest" file="C:\Users\Asus\Downloads\tasks\a\example-app\tests\Feature\BookListTest.php" line="157" assertions="2" time="0.033733">
          <failure type="PHPUnit\Framework\ExpectationFailedException">Tests\Feature\BooksListTest::testAvgReviewSort
Unable to find JSON: 
  
  
  
  [{
      "data": [
          {
              "id": 3,
              "isbn": "9782360064298",
              "title": "Advanced Python",
              "description": "Quos sunt cupiditate dolores sit qui. Alias velit harum enim ut tempora eum dolor. Sunt accusantium sit provident minus qui sint.",
              "authors": [],
              "review": {
                  "avg": 0,
                  "count": 0
              }
          },
          {
              "id": 1,
              "isbn": "9781667952475",
              "title": "PHP for begginers",
              "description": "Sequi vitae nostrum ipsum quod omnis ipsam totam. Et ea minus expedita omnis voluptas commodi. Commodi inventore dicta id. Praesentium consequatur fugit sit voluptatem earum.",
              "authors": [],
              "review": {
                  "avg": 3,
                  "count": 2
              }
          },
          {
              "id": 2,
              "isbn": "9797305360397",
              "title": "Javascript for dummies",
              "description": "Quis consequatur eveniet facere sit eius occaecati. Et aperiam deleniti non alias. Velit aliquam voluptates ipsa ut. Eos aut dicta adipisci culpa tempore occaecati.",
              "authors": [],
              "review": {
                  "avg": 6,
                  "count": 2
              }
          }
      ]
  }]
  
  
  
  within response JSON:
  
  
  
  [{
      "data": [],
      "links": {
          "first": "http://localhost/api/books?page=1",
          "last": "http://localhost/api/books?page=1",
          "prev": null,
          "next": null
      },
      "meta": {
          "current_page": 1,
          "from": null,
          "last_page": 1,
          "path": "http://localhost/api/books",
          "per_page": 15,
          "to": null,
          "total": 0
      }
  }].
  
  
  
  
  Failed asserting that an array has the subset Array &amp;0 (
      'data' =&gt; Array &amp;1 (
          0 =&gt; Array &amp;2 (
              'id' =&gt; 3
              'isbn' =&gt; '9782360064298'
              'title' =&gt; 'Advanced Python'
              'description' =&gt; 'Quos sunt cupiditate dolores sit qui. Alias velit harum enim ut tempora eum dolor. Sunt accusantium sit provident minus qui sint.'
              'authors' =&gt; Array &amp;3 ()
              'review' =&gt; Array &amp;4 (
                  'avg' =&gt; 0
                  'count' =&gt; 0
              )
          )
          1 =&gt; Array &amp;5 (
              'id' =&gt; 1
              'isbn' =&gt; '9781667952475'
              'title' =&gt; 'PHP for begginers'
              'description' =&gt; 'Sequi vitae nostrum ipsum quod omnis ipsam totam. Et ea minus expedita omnis voluptas commodi. Commodi inventore dicta id. Praesentium consequatur fugit sit voluptatem earum.'
              'authors' =&gt; Array &amp;6 ()
              'review' =&gt; Array &amp;7 (
                  'avg' =&gt; 3
                  'count' =&gt; 2
              )
          )
          2 =&gt; Array &amp;8 (
              'id' =&gt; 2
              'isbn' =&gt; '9797305360397'
              'title' =&gt; 'Javascript for dummies'
              'description' =&gt; 'Quis consequatur eveniet facere sit eius occaecati. Et aperiam deleniti non alias. Velit aliquam voluptates ipsa ut. Eos aut dicta adipisci culpa tempore occaecati.'
              'authors' =&gt; Array &amp;9 ()
              'review' =&gt; Array &amp;10 (
                  'avg' =&gt; 6
                  'count' =&gt; 2
              )
          )
      )
  ).
--- Expected
+++ Actual
@@ @@
 array (
   'data' =&gt; 
   array (
-    0 =&gt; 
-    array (
-      'id' =&gt; 3,
-      'isbn' =&gt; '9782360064298',
-      'title' =&gt; 'Advanced Python',
-      'description' =&gt; 'Quos sunt cupiditate dolores sit qui. Alias velit harum enim ut tempora eum dolor. Sunt accusantium sit provident minus qui sint.',
-      'authors' =&gt; 
-      array (
-      ),
-      'review' =&gt; 
-      array (
-        'avg' =&gt; 0,
-        'count' =&gt; 0,
-      ),
-    ),
-    1 =&gt; 
-    array (
-      'id' =&gt; 1,
-      'isbn' =&gt; '9781667952475',
-      'title' =&gt; 'PHP for begginers',
-      'description' =&gt; 'Sequi vitae nostrum ipsum quod omnis ipsam totam. Et ea minus expedita omnis voluptas commodi. Commodi inventore dicta id. Praesentium consequatur fugit sit voluptatem earum.',
-      'authors' =&gt; 
-      array (
-      ),
-      'review' =&gt; 
-      array (
-        'avg' =&gt; 3,
-        'count' =&gt; 2,
-      ),
-    ),
-    2 =&gt; 
-    array (
-      'id' =&gt; 2,
-      'isbn' =&gt; '9797305360397',
-      'title' =&gt; 'Javascript for dummies',
-      'description' =&gt; 'Quis consequatur eveniet facere sit eius occaecati. Et aperiam deleniti non alias. Velit aliquam voluptates ipsa ut. Eos aut dicta adipisci culpa tempore occaecati.',
-      'authors' =&gt; 
-      array (
-      ),
-      'review' =&gt; 
-      array (
-        'avg' =&gt; 6,
-        'count' =&gt; 2,
-      ),
-    ),
   ),
   'links' =&gt; 
   array (

C:\Users\Asus\Downloads\tasks\a\example-app\vendor\laravel\framework\src\Illuminate\Testing\Constraints\ArraySubset.php:85
C:\Users\Asus\Downloads\tasks\a\example-app\vendor\laravel\framework\src\Illuminate\Testing\Assert.php:40
C:\Users\Asus\Downloads\tasks\a\example-app\vendor\laravel\framework\src\Illuminate\Testing\AssertableJsonString.php:273
C:\Users\Asus\Downloads\tasks\a\example-app\vendor\laravel\framework\src\Illuminate\Testing\TestResponse.php:692
C:\Users\Asus\Downloads\tasks\a\example-app\tests\Feature\BookListTest.php:209
C:\Users\Asus\Downloads\tasks\a\example-app\tests\Feature\BookListTest.php:181</failure>
        </testcase>
        <testcase name="testPagination" class="Tests\Feature\BooksListTest" classname="Tests.Feature.BooksListTest" file="C:\Users\Asus\Downloads\tasks\a\example-app\tests\Feature\BookListTest.php" line="189" assertions="2" time="0.064107">
          <failure type="PHPUnit\Framework\ExpectationFailedException">Tests\Feature\BooksListTest::testPagination
Unable to find JSON: 
  
  
  
  [{
      "data": [
          {
              "id": 1,
              "isbn": "9798059501784",
              "title": "Cupiditate modi velit fuga inventore praesentium velit consequuntur.",
              "description": "Voluptatibus maiores aut sapiente cupiditate explicabo. Architecto et fuga magni deserunt excepturi facilis deserunt iure.",
              "authors": [],
              "review": {
                  "avg": 0,
                  "count": 0
              }
          },
          {
              "id": 2,
              "isbn": "9796011940916",
              "title": "Ipsam ratione voluptas doloribus.",
              "description": "Laboriosam id qui et id nesciunt. Eos consequatur tempora ab voluptate consequatur aut dolorem. Incidunt officia quis modi assumenda. Vero omnis tempora error nihil veritatis magnam.",
              "authors": [],
              "review": {
                  "avg": 0,
                  "count": 0
              }
          },
          {
              "id": 3,
              "isbn": "9785074541710",
              "title": "At laboriosam quisquam similique unde laudantium reiciendis.",
              "description": "Magni nisi et quia dolorem animi libero quia. Aut eos illo dolorem modi. Eaque sed harum voluptas cum est aut optio est.",
              "authors": [],
              "review": {
                  "avg": 0,
                  "count": 0
              }
          },
          {
              "id": 4,
              "isbn": "9792374725344",
              "title": "Dicta neque aspernatur minus consequatur ut in.",
              "description": "Perferendis tenetur nesciunt ut rerum. Quo quasi officiis facilis quis sit. Excepturi itaque a voluptas sit.",
              "authors": [],
              "review": {
                  "avg": 0,
                  "count": 0
              }
          },
          {
              "id": 5,
              "isbn": "9782641514924",
              "title": "Recusandae dolorem vero et nemo sit est in.",
              "description": "Et dignissimos itaque ab nulla aut unde. Dolor temporibus facere vel reiciendis. Eum laboriosam sed nihil est quasi eos autem.",
              "authors": [],
              "review": {
                  "avg": 0,
                  "count": 0
              }
          },
          {
              "id": 6,
              "isbn": "9795519091984",
              "title": "Earum quia numquam aspernatur id consequatur minima.",
              "description": "Ut sint ut cupiditate necessitatibus quisquam sed. Omnis sunt modi ut voluptatum unde natus. Voluptas esse perspiciatis et perferendis vero unde. Ut doloremque atque iusto.",
              "authors": [],
              "review": {
                  "avg": 0,
                  "count": 0
              }
          },
          {
              "id": 7,
              "isbn": "9788178000725",
              "title": "Inventore voluptatum inventore nobis dolorem.",
              "description": "Ea ut esse quis similique nesciunt enim. Eligendi nostrum et accusantium in maxime vel ad aut. Qui non error ex recusandae commodi quas. Corporis ut hic maiores sunt.",
              "authors": [],
              "review": {
                  "avg": 0,
                  "count": 0
              }
          },
          {
              "id": 8,
              "isbn": "9793961874100",
              "title": "Occaecati molestiae ut repellendus aliquid omnis magni voluptas.",
              "description": "Qui et quia est. Est a assumenda qui ut sequi necessitatibus. Voluptas ad quia repellat cupiditate accusamus.",
              "authors": [],
              "review": {
                  "avg": 0,
                  "count": 0
              }
          },
          {
              "id": 9,
              "isbn": "9792981312357",
              "title": "Sunt commodi illum quisquam deserunt unde.",
              "description": "Autem eius eveniet ut alias. Minima est sunt harum et. Illum id autem nihil aut et ut et molestiae. Vel ea quia maxime eligendi tempora id et.",
              "authors": [],
              "review": {
                  "avg": 0,
                  "count": 0
              }
          },
          {
              "id": 10,
              "isbn": "9785287042110",
              "title": "Minima iure repudiandae excepturi aut.",
              "description": "Consequatur nulla nemo rem nihil eligendi. Optio ut minima ipsa voluptas accusantium. Ipsam eveniet velit distinctio ipsa quis. Consectetur quisquam enim et omnis cupiditate eligendi.",
              "authors": [],
              "review": {
                  "avg": 0,
                  "count": 0
              }
          },
          {
              "id": 11,
              "isbn": "9794028603480",
              "title": "Autem amet labore reiciendis dolorem doloremque dolorem minus.",
              "description": "Sed mollitia eveniet culpa aut repellat eaque. Fugiat aut ab voluptatem est est dicta voluptas. Ipsa quam eius nisi reiciendis eligendi natus qui.",
              "authors": [],
              "review": {
                  "avg": 0,
                  "count": 0
              }
          },
          {
              "id": 12,
              "isbn": "9783947916603",
              "title": "Occaecati est similique magni voluptatem architecto.",
              "description": "Aut sit eligendi voluptatum in quia cumque voluptas optio. Quia impedit amet ducimus vero qui. Animi dolorem et reiciendis quos. Fuga modi est magnam itaque reiciendis.",
              "authors": [],
              "review": {
                  "avg": 0,
                  "count": 0
              }
          },
          {
              "id": 13,
              "isbn": "9798971922605",
              "title": "Nihil nam nam ipsa officia non porro.",
              "description": "Nulla sapiente nemo unde ut voluptas. Enim quos et culpa. Nesciunt omnis iste earum omnis est sint. Est architecto iusto voluptatem aut iure fuga.",
              "authors": [],
              "review": {
                  "avg": 0,
                  "count": 0
              }
          },
          {
              "id": 14,
              "isbn": "9792578994935",
              "title": "Deleniti possimus at cum sit ipsam amet dignissimos.",
              "description": "Aut ipsa similique dolorem excepturi aut. Et veritatis perferendis dolores a. Ut molestiae qui veritatis cum autem iure.",
              "authors": [],
              "review": {
                  "avg": 0,
                  "count": 0
              }
          },
          {
              "id": 15,
              "isbn": "9782036230057",
              "title": "Consequatur iusto nam aut maiores.",
              "description": "Maiores sit cupiditate nihil hic. Doloribus asperiores quia sint. Est dolorem dolorum veniam explicabo ullam qui dolorum molestias.",
              "authors": [],
              "review": {
                  "avg": 0,
                  "count": 0
              }
          }
      ]
  }]
  
  
  
  within response JSON:
  
  
  
  [{
      "data": [],
      "links": {
          "first": "http://localhost/api/books?page=1",
          "last": "http://localhost/api/books?page=1",
          "prev": null,
          "next": null
      },
      "meta": {
          "current_page": 1,
          "from": null,
          "last_page": 1,
          "path": "http://localhost/api/books",
          "per_page": 15,
          "to": null,
          "total": 0
      }
  }].
  
  
  
  
  Failed asserting that an array has the subset Array &amp;0 (
      'data' =&gt; Array &amp;1 (
          0 =&gt; Array &amp;2 (
              'id' =&gt; 1
              'isbn' =&gt; '9798059501784'
              'title' =&gt; 'Cupiditate modi velit fuga inventore praesentium velit consequuntur.'
              'description' =&gt; 'Voluptatibus maiores aut sapiente cupiditate explicabo. Architecto et fuga magni deserunt excepturi facilis deserunt iure.'
              'authors' =&gt; Array &amp;3 ()
              'review' =&gt; Array &amp;4 (
                  'avg' =&gt; 0
                  'count' =&gt; 0
              )
          )
          1 =&gt; Array &amp;5 (
              'id' =&gt; 2
              'isbn' =&gt; '9796011940916'
              'title' =&gt; 'Ipsam ratione voluptas doloribus.'
              'description' =&gt; 'Laboriosam id qui et id nesciunt. Eos consequatur tempora ab voluptate consequatur aut dolorem. Incidunt officia quis modi assumenda. Vero omnis tempora error nihil veritatis magnam.'
              'authors' =&gt; Array &amp;6 ()
              'review' =&gt; Array &amp;7 (
                  'avg' =&gt; 0
                  'count' =&gt; 0
              )
          )
          2 =&gt; Array &amp;8 (
              'id' =&gt; 3
              'isbn' =&gt; '9785074541710'
              'title' =&gt; 'At laboriosam quisquam similique unde laudantium reiciendis.'
              'description' =&gt; 'Magni nisi et quia dolorem animi libero quia. Aut eos illo dolorem modi. Eaque sed harum voluptas cum est aut optio est.'
              'authors' =&gt; Array &amp;9 ()
              'review' =&gt; Array &amp;10 (
                  'avg' =&gt; 0
                  'count' =&gt; 0
              )
          )
          3 =&gt; Array &amp;11 (
              'id' =&gt; 4
              'isbn' =&gt; '9792374725344'
              'title' =&gt; 'Dicta neque aspernatur minus consequatur ut in.'
              'description' =&gt; 'Perferendis tenetur nesciunt ut rerum. Quo quasi officiis facilis quis sit. Excepturi itaque a voluptas sit.'
              'authors' =&gt; Array &amp;12 ()
              'review' =&gt; Array &amp;13 (
                  'avg' =&gt; 0
                  'count' =&gt; 0
              )
          )
          4 =&gt; Array &amp;14 (
              'id' =&gt; 5
              'isbn' =&gt; '9782641514924'
              'title' =&gt; 'Recusandae dolorem vero et nemo sit est in.'
              'description' =&gt; 'Et dignissimos itaque ab nulla aut unde. Dolor temporibus facere vel reiciendis. Eum laboriosam sed nihil est quasi eos autem.'
              'authors' =&gt; Array &amp;15 ()
              'review' =&gt; Array &amp;16 (
                  'avg' =&gt; 0
                  'count' =&gt; 0
              )
          )
          5 =&gt; Array &amp;17 (
              'id' =&gt; 6
              'isbn' =&gt; '9795519091984'
              'title' =&gt; 'Earum quia numquam aspernatur id consequatur minima.'
              'description' =&gt; 'Ut sint ut cupiditate necessitatibus quisquam sed. Omnis sunt modi ut voluptatum unde natus. Voluptas esse perspiciatis et perferendis vero unde. Ut doloremque atque iusto.'
              'authors' =&gt; Array &amp;18 ()
              'review' =&gt; Array &amp;19 (
                  'avg' =&gt; 0
                  'count' =&gt; 0
              )
          )
          6 =&gt; Array &amp;20 (
              'id' =&gt; 7
              'isbn' =&gt; '9788178000725'
              'title' =&gt; 'Inventore voluptatum inventore nobis dolorem.'
              'description' =&gt; 'Ea ut esse quis similique nesciunt enim. Eligendi nostrum et accusantium in maxime vel ad aut. Qui non error ex recusandae commodi quas. Corporis ut hic maiores sunt.'
              'authors' =&gt; Array &amp;21 ()
              'review' =&gt; Array &amp;22 (
                  'avg' =&gt; 0
                  'count' =&gt; 0
              )
          )
          7 =&gt; Array &amp;23 (
              'id' =&gt; 8
              'isbn' =&gt; '9793961874100'
              'title' =&gt; 'Occaecati molestiae ut repellendus aliquid omnis magni voluptas.'
              'description' =&gt; 'Qui et quia est. Est a assumenda qui ut sequi necessitatibus. Voluptas ad quia repellat cupiditate accusamus.'
              'authors' =&gt; Array &amp;24 ()
              'review' =&gt; Array &amp;25 (
                  'avg' =&gt; 0
                  'count' =&gt; 0
              )
          )
          8 =&gt; Array &amp;26 (
              'id' =&gt; 9
              'isbn' =&gt; '9792981312357'
              'title' =&gt; 'Sunt commodi illum quisquam deserunt unde.'
              'description' =&gt; 'Autem eius eveniet ut alias. Minima est sunt harum et. Illum id autem nihil aut et ut et molestiae. Vel ea quia maxime eligendi tempora id et.'
              'authors' =&gt; Array &amp;27 ()
              'review' =&gt; Array &amp;28 (
                  'avg' =&gt; 0
                  'count' =&gt; 0
              )
          )
          9 =&gt; Array &amp;29 (
              'id' =&gt; 10
              'isbn' =&gt; '9785287042110'
              'title' =&gt; 'Minima iure repudiandae excepturi aut.'
              'description' =&gt; 'Consequatur nulla nemo rem nihil eligendi. Optio ut minima ipsa voluptas accusantium. Ipsam eveniet velit distinctio ipsa quis. Consectetur quisquam enim et omnis cupiditate eligendi.'
              'authors' =&gt; Array &amp;30 ()
              'review' =&gt; Array &amp;31 (
                  'avg' =&gt; 0
                  'count' =&gt; 0
              )
          )
          10 =&gt; Array &amp;32 (
              'id' =&gt; 11
              'isbn' =&gt; '9794028603480'
              'title' =&gt; 'Autem amet labore reiciendis dolorem doloremque dolorem minus.'
              'description' =&gt; 'Sed mollitia eveniet culpa aut repellat eaque. Fugiat aut ab voluptatem est est dicta voluptas. Ipsa quam eius nisi reiciendis eligendi natus qui.'
              'authors' =&gt; Array &amp;33 ()
              'review' =&gt; Array &amp;34 (
                  'avg' =&gt; 0
                  'count' =&gt; 0
              )
          )
          11 =&gt; Array &amp;35 (
              'id' =&gt; 12
              'isbn' =&gt; '9783947916603'
              'title' =&gt; 'Occaecati est similique magni voluptatem architecto.'
              'description' =&gt; 'Aut sit eligendi voluptatum in quia cumque voluptas optio. Quia impedit amet ducimus vero qui. Animi dolorem et reiciendis quos. Fuga modi est magnam itaque reiciendis.'
              'authors' =&gt; Array &amp;36 ()
              'review' =&gt; Array &amp;37 (
                  'avg' =&gt; 0
                  'count' =&gt; 0
              )
          )
          12 =&gt; Array &amp;38 (
              'id' =&gt; 13
              'isbn' =&gt; '9798971922605'
              'title' =&gt; 'Nihil nam nam ipsa officia non porro.'
              'description' =&gt; 'Nulla sapiente nemo unde ut voluptas. Enim quos et culpa. Nesciunt omnis iste earum omnis est sint. Est architecto iusto voluptatem aut iure fuga.'
              'authors' =&gt; Array &amp;39 ()
              'review' =&gt; Array &amp;40 (
                  'avg' =&gt; 0
                  'count' =&gt; 0
              )
          )
          13 =&gt; Array &amp;41 (
              'id' =&gt; 14
              'isbn' =&gt; '9792578994935'
              'title' =&gt; 'Deleniti possimus at cum sit ipsam amet dignissimos.'
              'description' =&gt; 'Aut ipsa similique dolorem excepturi aut. Et veritatis perferendis dolores a. Ut molestiae qui veritatis cum autem iure.'
              'authors' =&gt; Array &amp;42 ()
              'review' =&gt; Array &amp;43 (
                  'avg' =&gt; 0
                  'count' =&gt; 0
              )
          )
          14 =&gt; Array &amp;44 (
              'id' =&gt; 15
              'isbn' =&gt; '9782036230057'
              'title' =&gt; 'Consequatur iusto nam aut maiores.'
              'description' =&gt; 'Maiores sit cupiditate nihil hic. Doloribus asperiores quia sint. Est dolorem dolorum veniam explicabo ullam qui dolorum molestias.'
              'authors' =&gt; Array &amp;45 ()
              'review' =&gt; Array &amp;46 (
                  'avg' =&gt; 0
                  'count' =&gt; 0
              )
          )
      )
  ).
--- Expected
+++ Actual
@@ @@
 array (
   'data' =&gt; 
   array (
-    0 =&gt; 
-    array (
-      'id' =&gt; 1,
-      'isbn' =&gt; '9798059501784',
-      'title' =&gt; 'Cupiditate modi velit fuga inventore praesentium velit consequuntur.',
-      'description' =&gt; 'Voluptatibus maiores aut sapiente cupiditate explicabo. Architecto et fuga magni deserunt excepturi facilis deserunt iure.',
-      'authors' =&gt; 
-      array (
-      ),
-      'review' =&gt; 
-      array (
-        'avg' =&gt; 0,
-        'count' =&gt; 0,
-      ),
-    ),
-    1 =&gt; 
-    array (
-      'id' =&gt; 2,
-      'isbn' =&gt; '9796011940916',
-      'title' =&gt; 'Ipsam ratione voluptas doloribus.',
-      'description' =&gt; 'Laboriosam id qui et id nesciunt. Eos consequatur tempora ab voluptate consequatur aut dolorem. Incidunt officia quis modi assumenda. Vero omnis tempora error nihil veritatis magnam.',
-      'authors' =&gt; 
-      array (
-      ),
-      'review' =&gt; 
-      array (
-        'avg' =&gt; 0,
-        'count' =&gt; 0,
-      ),
-    ),
-    2 =&gt; 
-    array (
-      'id' =&gt; 3,
-      'isbn' =&gt; '9785074541710',
-      'title' =&gt; 'At laboriosam quisquam similique unde laudantium reiciendis.',
-      'description' =&gt; 'Magni nisi et quia dolorem animi libero quia. Aut eos illo dolorem modi. Eaque sed harum voluptas cum est aut optio est.',
-      'authors' =&gt; 
-      array (
-      ),
-      'review' =&gt; 
-      array (
-        'avg' =&gt; 0,
-        'count' =&gt; 0,
-      ),
-    ),
-    3 =&gt; 
-    array (
-      'id' =&gt; 4,
-      'isbn' =&gt; '9792374725344',
-      'title' =&gt; 'Dicta neque aspernatur minus consequatur ut in.',
-      'description' =&gt; 'Perferendis tenetur nesciunt ut rerum. Quo quasi officiis facilis quis sit. Excepturi itaque a voluptas sit.',
-      'authors' =&gt; 
-      array (
-      ),
-      'review' =&gt; 
-      array (
-        'avg' =&gt; 0,
-        'count' =&gt; 0,
-      ),
-    ),
-    4 =&gt; 
-    array (
-      'id' =&gt; 5,
-      'isbn' =&gt; '9782641514924',
-      'title' =&gt; 'Recusandae dolorem vero et nemo sit est in.',
-      'description' =&gt; 'Et dignissimos itaque ab nulla aut unde. Dolor temporibus facere vel reiciendis. Eum laboriosam sed nihil est quasi eos autem.',
-      'authors' =&gt; 
-      array (
-      ),
-      'review' =&gt; 
-      array (
-        'avg' =&gt; 0,
-        'count' =&gt; 0,
-      ),
-    ),
-    5 =&gt; 
-    array (
-      'id' =&gt; 6,
-      'isbn' =&gt; '9795519091984',
-      'title' =&gt; 'Earum quia numquam aspernatur id consequatur minima.',
-      'description' =&gt; 'Ut sint ut cupiditate necessitatibus quisquam sed. Omnis sunt modi ut voluptatum unde natus. Voluptas esse perspiciatis et perferendis vero unde. Ut doloremque atque iusto.',
-      'authors' =&gt; 
-      array (
-      ),
-      'review' =&gt; 
-      array (
-        'avg' =&gt; 0,
-        'count' =&gt; 0,
-      ),
-    ),
-    6 =&gt; 
-    array (
-      'id' =&gt; 7,
-      'isbn' =&gt; '9788178000725',
-      'title' =&gt; 'Inventore voluptatum inventore nobis dolorem.',
-      'description' =&gt; 'Ea ut esse quis similique nesciunt enim. Eligendi nostrum et accusantium in maxime vel ad aut. Qui non error ex recusandae commodi quas. Corporis ut hic maiores sunt.',
-      'authors' =&gt; 
-      array (
-      ),
-      'review' =&gt; 
-      array (
-        'avg' =&gt; 0,
-        'count' =&gt; 0,
-      ),
-    ),
-    7 =&gt; 
-    array (
-      'id' =&gt; 8,
-      'isbn' =&gt; '9793961874100',
-      'title' =&gt; 'Occaecati molestiae ut repellendus aliquid omnis magni voluptas.',
-      'description' =&gt; 'Qui et quia est. Est a assumenda qui ut sequi necessitatibus. Voluptas ad quia repellat cupiditate accusamus.',
-      'authors' =&gt; 
-      array (
-      ),
-      'review' =&gt; 
-      array (
-        'avg' =&gt; 0,
-        'count' =&gt; 0,
-      ),
-    ),
-    8 =&gt; 
-    array (
-      'id' =&gt; 9,
-      'isbn' =&gt; '9792981312357',
-      'title' =&gt; 'Sunt commodi illum quisquam deserunt unde.',
-      'description' =&gt; 'Autem eius eveniet ut alias. Minima est sunt harum et. Illum id autem nihil aut et ut et molestiae. Vel ea quia maxime eligendi tempora id et.',
-      'authors' =&gt; 
-      array (
-      ),
-      'review' =&gt; 
-      array (
-        'avg' =&gt; 0,
-        'count' =&gt; 0,
-      ),
-    ),
-    9 =&gt; 
-    array (
-      'id' =&gt; 10,
-      'isbn' =&gt; '9785287042110',
-      'title' =&gt; 'Minima iure repudiandae excepturi aut.',
-      'description' =&gt; 'Consequatur nulla nemo rem nihil eligendi. Optio ut minima ipsa voluptas accusantium. Ipsam eveniet velit distinctio ipsa quis. Consectetur quisquam enim et omnis cupiditate eligendi.',
-      'authors' =&gt; 
-      array (
-      ),
-      'review' =&gt; 
-      array (
-        'avg' =&gt; 0,
-        'count' =&gt; 0,
-      ),
-    ),
-    10 =&gt; 
-    array (
-      'id' =&gt; 11,
-      'isbn' =&gt; '9794028603480',
-      'title' =&gt; 'Autem amet labore reiciendis dolorem doloremque dolorem minus.',
-      'description' =&gt; 'Sed mollitia eveniet culpa aut repellat eaque. Fugiat aut ab voluptatem est est dicta voluptas. Ipsa quam eius nisi reiciendis eligendi natus qui.',
-      'authors' =&gt; 
-      array (
-      ),
-      'review' =&gt; 
-      array (
-        'avg' =&gt; 0,
-        'count' =&gt; 0,
-      ),
-    ),
-    11 =&gt; 
-    array (
-      'id' =&gt; 12,
-      'isbn' =&gt; '9783947916603',
-      'title' =&gt; 'Occaecati est similique magni voluptatem architecto.',
-      'description' =&gt; 'Aut sit eligendi voluptatum in quia cumque voluptas optio. Quia impedit amet ducimus vero qui. Animi dolorem et reiciendis quos. Fuga modi est magnam itaque reiciendis.',
-      'authors' =&gt; 
-      array (
-      ),
-      'review' =&gt; 
-      array (
-        'avg' =&gt; 0,
-        'count' =&gt; 0,
-      ),
-    ),
-    12 =&gt; 
-    array (
-      'id' =&gt; 13,
-      'isbn' =&gt; '9798971922605',
-      'title' =&gt; 'Nihil nam nam ipsa officia non porro.',
-      'description' =&gt; 'Nulla sapiente nemo unde ut voluptas. Enim quos et culpa. Nesciunt omnis iste earum omnis est sint. Est architecto iusto voluptatem aut iure fuga.',
-      'authors' =&gt; 
-      array (
-      ),
-      'review' =&gt; 
-      array (
-        'avg' =&gt; 0,
-        'count' =&gt; 0,
-      ),
-    ),
-    13 =&gt; 
-    array (
-      'id' =&gt; 14,
-      'isbn' =&gt; '9792578994935',
-      'title' =&gt; 'Deleniti possimus at cum sit ipsam amet dignissimos.',
-      'description' =&gt; 'Aut ipsa similique dolorem excepturi aut. Et veritatis perferendis dolores a. Ut molestiae qui veritatis cum autem iure.',
-      'authors' =&gt; 
-      array (
-      ),
-      'review' =&gt; 
-      array (
-        'avg' =&gt; 0,
-        'count' =&gt; 0,
-      ),
-    ),
-    14 =&gt; 
-    array (
-      'id' =&gt; 15,
-      'isbn' =&gt; '9782036230057',
-      'title' =&gt; 'Consequatur iusto nam aut maiores.',
-      'description' =&gt; 'Maiores sit cupiditate nihil hic. Doloribus asperiores quia sint. Est dolorem dolorum veniam explicabo ullam qui dolorum molestias.',
-      'authors' =&gt; 
-      array (
-      ),
-      'review' =&gt; 
-      array (
-        'avg' =&gt; 0,
-        'count' =&gt; 0,
-      ),
-    ),
   ),
   'links' =&gt; 
   array (

C:\Users\Asus\Downloads\tasks\a\example-app\vendor\laravel\framework\src\Illuminate\Testing\Constraints\ArraySubset.php:85
C:\Users\Asus\Downloads\tasks\a\example-app\vendor\laravel\framework\src\Illuminate\Testing\Assert.php:40
C:\Users\Asus\Downloads\tasks\a\example-app\vendor\laravel\framework\src\Illuminate\Testing\AssertableJsonString.php:273
C:\Users\Asus\Downloads\tasks\a\example-app\vendor\laravel\framework\src\Illuminate\Testing\TestResponse.php:692
C:\Users\Asus\Downloads\tasks\a\example-app\tests\Feature\BookListTest.php:209
C:\Users\Asus\Downloads\tasks\a\example-app\tests\Feature\BookListTest.php:198</failure>
        </testcase>
      </testsuite>
      <testsuite name="Tests\Feature\BookPostTest" file="C:\Users\Asus\Downloads\tasks\a\example-app\tests\Feature\BookPostTest.php" tests="24" assertions="60" errors="0" warnings="0" failures="24" skipped="0" time="0.815949">
        <testcase name="testDenyGuestAccess" class="Tests\Feature\BookPostTest" classname="Tests.Feature.BookPostTest" file="C:\Users\Asus\Downloads\tasks\a\example-app\tests\Feature\BookPostTest.php" line="13" assertions="1" time="0.060663">
          <failure type="PHPUnit\Framework\ExpectationFailedException">Tests\Feature\BookPostTest::testDenyGuestAccess
Expected response status code [401] but received 500.
  Failed asserting that 401 is identical to 500.

C:\Users\Asus\Downloads\tasks\a\example-app\vendor\laravel\framework\src\Illuminate\Testing\TestResponse.php:177
C:\Users\Asus\Downloads\tasks\a\example-app\tests\Feature\BookPostTest.php:24</failure>
        </testcase>
        <testcase name="testDenyNonAdminUserAccess" class="Tests\Feature\BookPostTest" classname="Tests.Feature.BookPostTest" file="C:\Users\Asus\Downloads\tasks\a\example-app\tests\Feature\BookPostTest.php" line="27" assertions="1" time="0.050570">
          <failure type="PHPUnit\Framework\ExpectationFailedException">Tests\Feature\BookPostTest::testDenyNonAdminUserAccess
Expected response status code [403] but received 401.
  Failed asserting that 403 is identical to 401.

C:\Users\Asus\Downloads\tasks\a\example-app\vendor\laravel\framework\src\Illuminate\Testing\TestResponse.php:177
C:\Users\Asus\Downloads\tasks\a\example-app\tests\Feature\BookPostTest.php:41</failure>
        </testcase>
        <testcase name="testSuccessfulPost" class="Tests\Feature\BookPostTest" classname="Tests.Feature.BookPostTest" file="C:\Users\Asus\Downloads\tasks\a\example-app\tests\Feature\BookPostTest.php" line="44" assertions="1" time="0.075312">
          <failure type="PHPUnit\Framework\ExpectationFailedException">Tests\Feature\BookPostTest::testSuccessfulPost
Expected response status code [201] but received 200.
  Failed asserting that 201 is identical to 200.

C:\Users\Asus\Downloads\tasks\a\example-app\vendor\laravel\framework\src\Illuminate\Testing\TestResponse.php:177
C:\Users\Asus\Downloads\tasks\a\example-app\tests\Feature\BookPostTest.php:58</failure>
        </testcase>
        <testsuite name="Tests\Feature\BookPostTest::testValidation" tests="21" assertions="57" errors="0" warnings="0" failures="21" skipped="0" time="0.629405">
          <testcase name="testValidation with data set #0" class="Tests\Feature\BookPostTest" classname="Tests.Feature.BookPostTest" file="C:\Users\Asus\Downloads\tasks\a\example-app\tests\Feature\BookPostTest.php" line="72" assertions="3" time="0.067274">
            <failure type="PHPUnit\Framework\ExpectationFailedException">Tests\Feature\BookPostTest::testValidation with data set #0 (array(null), 'isbn')
Failed to find a validation error in the response for key: 'isbn'
  
  
  
  Response does not have JSON validation errors.
  Failed asserting that an array has the key 'isbn'.

C:\Users\Asus\Downloads\tasks\a\example-app\vendor\laravel\framework\src\Illuminate\Testing\TestResponse.php:838
C:\Users\Asus\Downloads\tasks\a\example-app\tests\Feature\BookPostTest.php:93</failure>
          </testcase>
          <testcase name="testValidation with data set #1" class="Tests\Feature\BookPostTest" classname="Tests.Feature.BookPostTest" file="C:\Users\Asus\Downloads\tasks\a\example-app\tests\Feature\BookPostTest.php" line="72" assertions="3" time="0.024974">
            <failure type="PHPUnit\Framework\ExpectationFailedException">Tests\Feature\BookPostTest::testValidation with data set #1 (array(''), 'isbn')
Failed to find a validation error in the response for key: 'isbn'
  
  
  
  Response does not have JSON validation errors.
  Failed asserting that an array has the key 'isbn'.

C:\Users\Asus\Downloads\tasks\a\example-app\vendor\laravel\framework\src\Illuminate\Testing\TestResponse.php:838
C:\Users\Asus\Downloads\tasks\a\example-app\tests\Feature\BookPostTest.php:93</failure>
          </testcase>
          <testcase name="testValidation with data set #2" class="Tests\Feature\BookPostTest" classname="Tests.Feature.BookPostTest" file="C:\Users\Asus\Downloads\tasks\a\example-app\tests\Feature\BookPostTest.php" line="72" assertions="1" time="0.029747">
            <failure type="PHPUnit\Framework\ExpectationFailedException">Tests\Feature\BookPostTest::testValidation with data set #2 (array('97883283023414'), 'isbn')
Expected response status code [422] but received 200.
  Failed asserting that 422 is identical to 200.

C:\Users\Asus\Downloads\tasks\a\example-app\vendor\laravel\framework\src\Illuminate\Testing\TestResponse.php:177
C:\Users\Asus\Downloads\tasks\a\example-app\tests\Feature\BookPostTest.php:91</failure>
          </testcase>
          <testcase name="testValidation with data set #3" class="Tests\Feature\BookPostTest" classname="Tests.Feature.BookPostTest" file="C:\Users\Asus\Downloads\tasks\a\example-app\tests\Feature\BookPostTest.php" line="72" assertions="1" time="0.027810">
            <failure type="PHPUnit\Framework\ExpectationFailedException">Tests\Feature\BookPostTest::testValidation with data set #3 (array('978832830'), 'isbn')
Expected response status code [422] but received 200.
  Failed asserting that 422 is identical to 200.

C:\Users\Asus\Downloads\tasks\a\example-app\vendor\laravel\framework\src\Illuminate\Testing\TestResponse.php:177
C:\Users\Asus\Downloads\tasks\a\example-app\tests\Feature\BookPostTest.php:91</failure>
          </testcase>
          <testcase name="testValidation with data set #4" class="Tests\Feature\BookPostTest" classname="Tests.Feature.BookPostTest" file="C:\Users\Asus\Downloads\tasks\a\example-app\tests\Feature\BookPostTest.php" line="72" assertions="1" time="0.029388">
            <failure type="PHPUnit\Framework\ExpectationFailedException">Tests\Feature\BookPostTest::testValidation with data set #4 (array('97883283023422'), 'isbn')
Expected response status code [422] but received 200.
  Failed asserting that 422 is identical to 200.

C:\Users\Asus\Downloads\tasks\a\example-app\vendor\laravel\framework\src\Illuminate\Testing\TestResponse.php:177
C:\Users\Asus\Downloads\tasks\a\example-app\tests\Feature\BookPostTest.php:91</failure>
          </testcase>
          <testcase name="testValidation with data set #5" class="Tests\Feature\BookPostTest" classname="Tests.Feature.BookPostTest" file="C:\Users\Asus\Downloads\tasks\a\example-app\tests\Feature\BookPostTest.php" line="72" assertions="3" time="0.031076">
            <failure type="PHPUnit\Framework\ExpectationFailedException">Tests\Feature\BookPostTest::testValidation with data set #5 (array(array()), 'isbn')
Failed to find a validation error in the response for key: 'isbn'
  
  
  
  Response does not have JSON validation errors.
  Failed asserting that an array has the key 'isbn'.

C:\Users\Asus\Downloads\tasks\a\example-app\vendor\laravel\framework\src\Illuminate\Testing\TestResponse.php:838
C:\Users\Asus\Downloads\tasks\a\example-app\tests\Feature\BookPostTest.php:93</failure>
          </testcase>
          <testcase name="testValidation with data set #6" class="Tests\Feature\BookPostTest" classname="Tests.Feature.BookPostTest" file="C:\Users\Asus\Downloads\tasks\a\example-app\tests\Feature\BookPostTest.php" line="72" assertions="3" time="0.027031">
            <failure type="PHPUnit\Framework\ExpectationFailedException">Tests\Feature\BookPostTest::testValidation with data set #6 (array(array(673890)), 'isbn')
Failed to find a validation error in the response for key: 'isbn'
  
  
  
  Response does not have JSON validation errors.
  Failed asserting that an array has the key 'isbn'.

C:\Users\Asus\Downloads\tasks\a\example-app\vendor\laravel\framework\src\Illuminate\Testing\TestResponse.php:838
C:\Users\Asus\Downloads\tasks\a\example-app\tests\Feature\BookPostTest.php:93</failure>
          </testcase>
          <testcase name="testValidation with data set #7" class="Tests\Feature\BookPostTest" classname="Tests.Feature.BookPostTest" file="C:\Users\Asus\Downloads\tasks\a\example-app\tests\Feature\BookPostTest.php" line="72" assertions="3" time="0.029012">
            <failure type="PHPUnit\Framework\ExpectationFailedException">Tests\Feature\BookPostTest::testValidation with data set #7 (array(array('978832830234')), 'isbn')
Failed to find a validation error in the response for key: 'isbn'
  
  
  
  Response does not have JSON validation errors.
  Failed asserting that an array has the key 'isbn'.

C:\Users\Asus\Downloads\tasks\a\example-app\vendor\laravel\framework\src\Illuminate\Testing\TestResponse.php:838
C:\Users\Asus\Downloads\tasks\a\example-app\tests\Feature\BookPostTest.php:93</failure>
          </testcase>
          <testcase name="testValidation with data set #8" class="Tests\Feature\BookPostTest" classname="Tests.Feature.BookPostTest" file="C:\Users\Asus\Downloads\tasks\a\example-app\tests\Feature\BookPostTest.php" line="72" assertions="3" time="0.027369">
            <failure type="PHPUnit\Framework\ExpectationFailedException">Tests\Feature\BookPostTest::testValidation with data set #8 (array('FCKGWRHQQ2'), 'isbn')
Failed to find a validation error in the response for key: 'isbn'
  
  
  
  Response does not have JSON validation errors.
  Failed asserting that an array has the key 'isbn'.

C:\Users\Asus\Downloads\tasks\a\example-app\vendor\laravel\framework\src\Illuminate\Testing\TestResponse.php:838
C:\Users\Asus\Downloads\tasks\a\example-app\tests\Feature\BookPostTest.php:93</failure>
          </testcase>
          <testcase name="testValidation with data set #9" class="Tests\Feature\BookPostTest" classname="Tests.Feature.BookPostTest" file="C:\Users\Asus\Downloads\tasks\a\example-app\tests\Feature\BookPostTest.php" line="72" assertions="3" time="0.024289">
            <failure type="PHPUnit\Framework\ExpectationFailedException">Tests\Feature\BookPostTest::testValidation with data set #9 (array(null), 'title')
Failed to find a validation error in the response for key: 'title'
  
  
  
  Response does not have JSON validation errors.
  Failed asserting that an array has the key 'title'.

C:\Users\Asus\Downloads\tasks\a\example-app\vendor\laravel\framework\src\Illuminate\Testing\TestResponse.php:838
C:\Users\Asus\Downloads\tasks\a\example-app\tests\Feature\BookPostTest.php:93</failure>
          </testcase>
          <testcase name="testValidation with data set #10" class="Tests\Feature\BookPostTest" classname="Tests.Feature.BookPostTest" file="C:\Users\Asus\Downloads\tasks\a\example-app\tests\Feature\BookPostTest.php" line="72" assertions="3" time="0.028134">
            <failure type="PHPUnit\Framework\ExpectationFailedException">Tests\Feature\BookPostTest::testValidation with data set #10 (array(''), 'title')
Failed to find a validation error in the response for key: 'title'
  
  
  
  Response does not have JSON validation errors.
  Failed asserting that an array has the key 'title'.

C:\Users\Asus\Downloads\tasks\a\example-app\vendor\laravel\framework\src\Illuminate\Testing\TestResponse.php:838
C:\Users\Asus\Downloads\tasks\a\example-app\tests\Feature\BookPostTest.php:93</failure>
          </testcase>
          <testcase name="testValidation with data set #11" class="Tests\Feature\BookPostTest" classname="Tests.Feature.BookPostTest" file="C:\Users\Asus\Downloads\tasks\a\example-app\tests\Feature\BookPostTest.php" line="72" assertions="3" time="0.027991">
            <failure type="PHPUnit\Framework\ExpectationFailedException">Tests\Feature\BookPostTest::testValidation with data set #11 (array(array()), 'title')
Failed to find a validation error in the response for key: 'title'
  
  
  
  Response does not have JSON validation errors.
  Failed asserting that an array has the key 'title'.

C:\Users\Asus\Downloads\tasks\a\example-app\vendor\laravel\framework\src\Illuminate\Testing\TestResponse.php:838
C:\Users\Asus\Downloads\tasks\a\example-app\tests\Feature\BookPostTest.php:93</failure>
          </testcase>
          <testcase name="testValidation with data set #12" class="Tests\Feature\BookPostTest" classname="Tests.Feature.BookPostTest" file="C:\Users\Asus\Downloads\tasks\a\example-app\tests\Feature\BookPostTest.php" line="72" assertions="3" time="0.026348">
            <failure type="PHPUnit\Framework\ExpectationFailedException">Tests\Feature\BookPostTest::testValidation with data set #12 (array(null), 'description')
Failed to find a validation error in the response for key: 'description'
  
  
  
  Response does not have JSON validation errors.
  Failed asserting that an array has the key 'description'.

C:\Users\Asus\Downloads\tasks\a\example-app\vendor\laravel\framework\src\Illuminate\Testing\TestResponse.php:838
C:\Users\Asus\Downloads\tasks\a\example-app\tests\Feature\BookPostTest.php:93</failure>
          </testcase>
          <testcase name="testValidation with data set #13" class="Tests\Feature\BookPostTest" classname="Tests.Feature.BookPostTest" file="C:\Users\Asus\Downloads\tasks\a\example-app\tests\Feature\BookPostTest.php" line="72" assertions="3" time="0.027283">
            <failure type="PHPUnit\Framework\ExpectationFailedException">Tests\Feature\BookPostTest::testValidation with data set #13 (array(''), 'description')
Failed to find a validation error in the response for key: 'description'
  
  
  
  Response does not have JSON validation errors.
  Failed asserting that an array has the key 'description'.

C:\Users\Asus\Downloads\tasks\a\example-app\vendor\laravel\framework\src\Illuminate\Testing\TestResponse.php:838
C:\Users\Asus\Downloads\tasks\a\example-app\tests\Feature\BookPostTest.php:93</failure>
          </testcase>
          <testcase name="testValidation with data set #14" class="Tests\Feature\BookPostTest" classname="Tests.Feature.BookPostTest" file="C:\Users\Asus\Downloads\tasks\a\example-app\tests\Feature\BookPostTest.php" line="72" assertions="3" time="0.025585">
            <failure type="PHPUnit\Framework\ExpectationFailedException">Tests\Feature\BookPostTest::testValidation with data set #14 (array(array()), 'description')
Failed to find a validation error in the response for key: 'description'
  
  
  
  Response does not have JSON validation errors.
  Failed asserting that an array has the key 'description'.

C:\Users\Asus\Downloads\tasks\a\example-app\vendor\laravel\framework\src\Illuminate\Testing\TestResponse.php:838
C:\Users\Asus\Downloads\tasks\a\example-app\tests\Feature\BookPostTest.php:93</failure>
          </testcase>
          <testcase name="testValidation with data set #15" class="Tests\Feature\BookPostTest" classname="Tests.Feature.BookPostTest" file="C:\Users\Asus\Downloads\tasks\a\example-app\tests\Feature\BookPostTest.php" line="72" assertions="3" time="0.026398">
            <failure type="PHPUnit\Framework\ExpectationFailedException">Tests\Feature\BookPostTest::testValidation with data set #15 (array(null), 'authors')
Failed to find a validation error in the response for key: 'authors'
  
  
  
  Response does not have JSON validation errors.
  Failed asserting that an array has the key 'authors'.

C:\Users\Asus\Downloads\tasks\a\example-app\vendor\laravel\framework\src\Illuminate\Testing\TestResponse.php:838
C:\Users\Asus\Downloads\tasks\a\example-app\tests\Feature\BookPostTest.php:93</failure>
          </testcase>
          <testcase name="testValidation with data set #16" class="Tests\Feature\BookPostTest" classname="Tests.Feature.BookPostTest" file="C:\Users\Asus\Downloads\tasks\a\example-app\tests\Feature\BookPostTest.php" line="72" assertions="3" time="0.028421">
            <failure type="PHPUnit\Framework\ExpectationFailedException">Tests\Feature\BookPostTest::testValidation with data set #16 (array(array()), 'authors')
Failed to find a validation error in the response for key: 'authors'
  
  
  
  Response does not have JSON validation errors.
  Failed asserting that an array has the key 'authors'.

C:\Users\Asus\Downloads\tasks\a\example-app\vendor\laravel\framework\src\Illuminate\Testing\TestResponse.php:838
C:\Users\Asus\Downloads\tasks\a\example-app\tests\Feature\BookPostTest.php:93</failure>
          </testcase>
          <testcase name="testValidation with data set #17" class="Tests\Feature\BookPostTest" classname="Tests.Feature.BookPostTest" file="C:\Users\Asus\Downloads\tasks\a\example-app\tests\Feature\BookPostTest.php" line="72" assertions="3" time="0.027219">
            <failure type="PHPUnit\Framework\ExpectationFailedException">Tests\Feature\BookPostTest::testValidation with data set #17 (array(''), 'authors')
Failed to find a validation error in the response for key: 'authors'
  
  
  
  Response does not have JSON validation errors.
  Failed asserting that an array has the key 'authors'.

C:\Users\Asus\Downloads\tasks\a\example-app\vendor\laravel\framework\src\Illuminate\Testing\TestResponse.php:838
C:\Users\Asus\Downloads\tasks\a\example-app\tests\Feature\BookPostTest.php:93</failure>
          </testcase>
          <testcase name="testValidation with data set #18" class="Tests\Feature\BookPostTest" classname="Tests.Feature.BookPostTest" file="C:\Users\Asus\Downloads\tasks\a\example-app\tests\Feature\BookPostTest.php" line="72" assertions="3" time="0.027202">
            <failure type="PHPUnit\Framework\ExpectationFailedException">Tests\Feature\BookPostTest::testValidation with data set #18 (array(array(999999)), 'authors.0')
Failed to find a validation error in the response for key: 'authors.0'
  
  
  
  Response does not have JSON validation errors.
  Failed asserting that an array has the key 'authors.0'.

C:\Users\Asus\Downloads\tasks\a\example-app\vendor\laravel\framework\src\Illuminate\Testing\TestResponse.php:838
C:\Users\Asus\Downloads\tasks\a\example-app\tests\Feature\BookPostTest.php:93</failure>
          </testcase>
          <testcase name="testValidation with data set #19" class="Tests\Feature\BookPostTest" classname="Tests.Feature.BookPostTest" file="C:\Users\Asus\Downloads\tasks\a\example-app\tests\Feature\BookPostTest.php" line="72" assertions="3" time="0.040833">
            <failure type="PHPUnit\Framework\ExpectationFailedException">Tests\Feature\BookPostTest::testValidation with data set #19 (array(array(array())), 'authors.0')
Failed to find a validation error in the response for key: 'authors.0'
  
  
  
  Response does not have JSON validation errors.
  Failed asserting that an array has the key 'authors.0'.

C:\Users\Asus\Downloads\tasks\a\example-app\vendor\laravel\framework\src\Illuminate\Testing\TestResponse.php:838
C:\Users\Asus\Downloads\tasks\a\example-app\tests\Feature\BookPostTest.php:93</failure>
          </testcase>
          <testcase name="testValidation with data set #20" class="Tests\Feature\BookPostTest" classname="Tests.Feature.BookPostTest" file="C:\Users\Asus\Downloads\tasks\a\example-app\tests\Feature\BookPostTest.php" line="72" assertions="3" time="0.026021">
            <failure type="PHPUnit\Framework\ExpectationFailedException">Tests\Feature\BookPostTest::testValidation with data set #20 (array(array(null)), 'authors.0')
Failed to find a validation error in the response for key: 'authors.0'
  
  
  
  Response does not have JSON validation errors.
  Failed asserting that an array has the key 'authors.0'.

C:\Users\Asus\Downloads\tasks\a\example-app\vendor\laravel\framework\src\Illuminate\Testing\TestResponse.php:838
C:\Users\Asus\Downloads\tasks\a\example-app\tests\Feature\BookPostTest.php:93</failure>
          </testcase>
        </testsuite>
      </testsuite>
      <testsuite name="Tests\Feature\BookReviewTest" file="C:\Users\Asus\Downloads\tasks\a\example-app\tests\Feature\BookReviewTest.php" tests="11" assertions="29" errors="0" warnings="0" failures="11" skipped="0" time="0.349285">
        <testcase name="testDenyGuestAccess" class="Tests\Feature\BookReviewTest" classname="Tests.Feature.BookReviewTest" file="C:\Users\Asus\Downloads\tasks\a\example-app\tests\Feature\BookReviewTest.php" line="14" assertions="1" time="0.046768">
          <failure type="PHPUnit\Framework\ExpectationFailedException">Tests\Feature\BookReviewTest::testDenyGuestAccess
Expected response status code [401] but received 500.
  Failed asserting that 401 is identical to 500.

C:\Users\Asus\Downloads\tasks\a\example-app\vendor\laravel\framework\src\Illuminate\Testing\TestResponse.php:177
C:\Users\Asus\Downloads\tasks\a\example-app\tests\Feature\BookReviewTest.php:23</failure>
        </testcase>
        <testcase name="testSuccessfulPost" class="Tests\Feature\BookReviewTest" classname="Tests.Feature.BookReviewTest" file="C:\Users\Asus\Downloads\tasks\a\example-app\tests\Feature\BookReviewTest.php" line="26" assertions="1" time="0.046956">
          <failure type="PHPUnit\Framework\ExpectationFailedException">Tests\Feature\BookReviewTest::testSuccessfulPost
Expected response status code [201] but received 200.
  Failed asserting that 201 is identical to 200.

C:\Users\Asus\Downloads\tasks\a\example-app\vendor\laravel\framework\src\Illuminate\Testing\TestResponse.php:177
C:\Users\Asus\Downloads\tasks\a\example-app\tests\Feature\BookReviewTest.php:38</failure>
        </testcase>
        <testsuite name="Tests\Feature\BookReviewTest::testValidation" tests="9" assertions="27" errors="0" warnings="0" failures="9" skipped="0" time="0.255561">
          <testcase name="testValidation with data set #0" class="Tests\Feature\BookReviewTest" classname="Tests.Feature.BookReviewTest" file="C:\Users\Asus\Downloads\tasks\a\example-app\tests\Feature\BookReviewTest.php" line="64" assertions="3" time="0.025764">
            <failure type="PHPUnit\Framework\ExpectationFailedException">Tests\Feature\BookReviewTest::testValidation with data set #0 (array(null), 'review')
Failed to find a validation error in the response for key: 'review'
  
  
  
  Response does not have JSON validation errors.
  Failed asserting that an array has the key 'review'.

C:\Users\Asus\Downloads\tasks\a\example-app\vendor\laravel\framework\src\Illuminate\Testing\TestResponse.php:838
C:\Users\Asus\Downloads\tasks\a\example-app\tests\Feature\BookReviewTest.php:80</failure>
          </testcase>
          <testcase name="testValidation with data set #1" class="Tests\Feature\BookReviewTest" classname="Tests.Feature.BookReviewTest" file="C:\Users\Asus\Downloads\tasks\a\example-app\tests\Feature\BookReviewTest.php" line="64" assertions="3" time="0.025507">
            <failure type="PHPUnit\Framework\ExpectationFailedException">Tests\Feature\BookReviewTest::testValidation with data set #1 (array(''), 'review')
Failed to find a validation error in the response for key: 'review'
  
  
  
  Response does not have JSON validation errors.
  Failed asserting that an array has the key 'review'.

C:\Users\Asus\Downloads\tasks\a\example-app\vendor\laravel\framework\src\Illuminate\Testing\TestResponse.php:838
C:\Users\Asus\Downloads\tasks\a\example-app\tests\Feature\BookReviewTest.php:80</failure>
          </testcase>
          <testcase name="testValidation with data set #2" class="Tests\Feature\BookReviewTest" classname="Tests.Feature.BookReviewTest" file="C:\Users\Asus\Downloads\tasks\a\example-app\tests\Feature\BookReviewTest.php" line="64" assertions="3" time="0.024592">
            <failure type="PHPUnit\Framework\ExpectationFailedException">Tests\Feature\BookReviewTest::testValidation with data set #2 (array(0), 'review')
Failed to find a validation error in the response for key: 'review'
  
  
  
  Response does not have JSON validation errors.
  Failed asserting that an array has the key 'review'.

C:\Users\Asus\Downloads\tasks\a\example-app\vendor\laravel\framework\src\Illuminate\Testing\TestResponse.php:838
C:\Users\Asus\Downloads\tasks\a\example-app\tests\Feature\BookReviewTest.php:80</failure>
          </testcase>
          <testcase name="testValidation with data set #3" class="Tests\Feature\BookReviewTest" classname="Tests.Feature.BookReviewTest" file="C:\Users\Asus\Downloads\tasks\a\example-app\tests\Feature\BookReviewTest.php" line="64" assertions="3" time="0.037054">
            <failure type="PHPUnit\Framework\ExpectationFailedException">Tests\Feature\BookReviewTest::testValidation with data set #3 (array(11), 'review')
Failed to find a validation error in the response for key: 'review'
  
  
  
  Response does not have JSON validation errors.
  Failed asserting that an array has the key 'review'.

C:\Users\Asus\Downloads\tasks\a\example-app\vendor\laravel\framework\src\Illuminate\Testing\TestResponse.php:838
C:\Users\Asus\Downloads\tasks\a\example-app\tests\Feature\BookReviewTest.php:80</failure>
          </testcase>
          <testcase name="testValidation with data set #4" class="Tests\Feature\BookReviewTest" classname="Tests.Feature.BookReviewTest" file="C:\Users\Asus\Downloads\tasks\a\example-app\tests\Feature\BookReviewTest.php" line="64" assertions="3" time="0.028356">
            <failure type="PHPUnit\Framework\ExpectationFailedException">Tests\Feature\BookReviewTest::testValidation with data set #4 (array(3.5), 'review')
Failed to find a validation error in the response for key: 'review'
  
  
  
  Response does not have JSON validation errors.
  Failed asserting that an array has the key 'review'.

C:\Users\Asus\Downloads\tasks\a\example-app\vendor\laravel\framework\src\Illuminate\Testing\TestResponse.php:838
C:\Users\Asus\Downloads\tasks\a\example-app\tests\Feature\BookReviewTest.php:80</failure>
          </testcase>
          <testcase name="testValidation with data set #5" class="Tests\Feature\BookReviewTest" classname="Tests.Feature.BookReviewTest" file="C:\Users\Asus\Downloads\tasks\a\example-app\tests\Feature\BookReviewTest.php" line="64" assertions="3" time="0.028977">
            <failure type="PHPUnit\Framework\ExpectationFailedException">Tests\Feature\BookReviewTest::testValidation with data set #5 (array(array()), 'review')
Failed to find a validation error in the response for key: 'review'
  
  
  
  Response does not have JSON validation errors.
  Failed asserting that an array has the key 'review'.

C:\Users\Asus\Downloads\tasks\a\example-app\vendor\laravel\framework\src\Illuminate\Testing\TestResponse.php:838
C:\Users\Asus\Downloads\tasks\a\example-app\tests\Feature\BookReviewTest.php:80</failure>
          </testcase>
          <testcase name="testValidation with data set #6" class="Tests\Feature\BookReviewTest" classname="Tests.Feature.BookReviewTest" file="C:\Users\Asus\Downloads\tasks\a\example-app\tests\Feature\BookReviewTest.php" line="64" assertions="3" time="0.029590">
            <failure type="PHPUnit\Framework\ExpectationFailedException">Tests\Feature\BookReviewTest::testValidation with data set #6 (array(null), 'comment')
Failed to find a validation error in the response for key: 'comment'
  
  
  
  Response does not have JSON validation errors.
  Failed asserting that an array has the key 'comment'.

C:\Users\Asus\Downloads\tasks\a\example-app\vendor\laravel\framework\src\Illuminate\Testing\TestResponse.php:838
C:\Users\Asus\Downloads\tasks\a\example-app\tests\Feature\BookReviewTest.php:80</failure>
          </testcase>
          <testcase name="testValidation with data set #7" class="Tests\Feature\BookReviewTest" classname="Tests.Feature.BookReviewTest" file="C:\Users\Asus\Downloads\tasks\a\example-app\tests\Feature\BookReviewTest.php" line="64" assertions="3" time="0.027134">
            <failure type="PHPUnit\Framework\ExpectationFailedException">Tests\Feature\BookReviewTest::testValidation with data set #7 (array(''), 'comment')
Failed to find a validation error in the response for key: 'comment'
  
  
  
  Response does not have JSON validation errors.
  Failed asserting that an array has the key 'comment'.

C:\Users\Asus\Downloads\tasks\a\example-app\vendor\laravel\framework\src\Illuminate\Testing\TestResponse.php:838
C:\Users\Asus\Downloads\tasks\a\example-app\tests\Feature\BookReviewTest.php:80</failure>
          </testcase>
          <testcase name="testValidation with data set #8" class="Tests\Feature\BookReviewTest" classname="Tests.Feature.BookReviewTest" file="C:\Users\Asus\Downloads\tasks\a\example-app\tests\Feature\BookReviewTest.php" line="64" assertions="3" time="0.028587">
            <failure type="PHPUnit\Framework\ExpectationFailedException">Tests\Feature\BookReviewTest::testValidation with data set #8 (array(array()), 'comment')
Failed to find a validation error in the response for key: 'comment'
  
  
  
  Response does not have JSON validation errors.
  Failed asserting that an array has the key 'comment'.

C:\Users\Asus\Downloads\tasks\a\example-app\vendor\laravel\framework\src\Illuminate\Testing\TestResponse.php:838
C:\Users\Asus\Downloads\tasks\a\example-app\tests\Feature\BookReviewTest.php:80</failure>
          </testcase>
        </testsuite>
      </testsuite>
    </testsuite>
  </testsuite>
</testsuites>
